This is pdfTeX, Version 3.1415926-2.5-1.40.14 (MiKTeX 2.9) (preloaded format=latex 2014.8.30)  29 JAN 2015 16:53
entering extended mode
**humidity_kriging.tex
(C:\Users\haozhe\Dropbox\projects\pm2.5\weather_kriging\humidity_kriging.tex
LaTeX2e <2014/05/01>
Babel <3.9k> and hyphenation patterns for 68 languages loaded.
("C:\Program Files\MiKTeX 2.9\tex\latex\amscls\amsart.cls"
Document Class: amsart 2009/07/02 v2.20.1
\linespacing=\dimen102
\normalparindent=\dimen103
\normaltopskip=\skip41
("C:\Program Files\MiKTeX 2.9\tex\latex\amsmath\amsmath.sty"
Package: amsmath 2013/01/14 v2.14 AMS math features
\@mathmargin=\skip42

For additional information on amsmath, use the `?' option.
("C:\Program Files\MiKTeX 2.9\tex\latex\amsmath\amstext.sty"
Package: amstext 2000/06/29 v2.01

("C:\Program Files\MiKTeX 2.9\tex\latex\amsmath\amsgen.sty"
File: amsgen.sty 1999/11/30 v2.0
\@emptytoks=\toks14
\ex@=\dimen104
))
("C:\Program Files\MiKTeX 2.9\tex\latex\amsmath\amsbsy.sty"
Package: amsbsy 1999/11/29 v1.2d
\pmbraise@=\dimen105
)
("C:\Program Files\MiKTeX 2.9\tex\latex\amsmath\amsopn.sty"
Package: amsopn 1999/12/14 v2.01 operator names
)
\inf@bad=\count79
LaTeX Info: Redefining \frac on input line 210.
\uproot@=\count80
\leftroot@=\count81
LaTeX Info: Redefining \overline on input line 306.
\classnum@=\count82
\DOTSCASE@=\count83
LaTeX Info: Redefining \ldots on input line 378.
LaTeX Info: Redefining \dots on input line 381.
LaTeX Info: Redefining \cdots on input line 466.
\Mathstrutbox@=\box26
\strutbox@=\box27
\big@size=\dimen106
LaTeX Font Info:    Redeclaring font encoding OML on input line 566.
LaTeX Font Info:    Redeclaring font encoding OMS on input line 567.
\macc@depth=\count84
\c@MaxMatrixCols=\count85
\dotsspace@=\muskip10
\c@parentequation=\count86
\dspbrk@lvl=\count87
\tag@help=\toks15
\row@=\count88
\column@=\count89
\maxfields@=\count90
\andhelp@=\toks16
\eqnshift@=\dimen107
\alignsep@=\dimen108
\tagshift@=\dimen109
\tagwidth@=\dimen110
\totwidth@=\dimen111
\lineht@=\dimen112
\@envbody=\toks17
\multlinegap=\skip43
\multlinetaggap=\skip44
\mathdisplay@stack=\toks18
LaTeX Info: Redefining \[ on input line 2665.
LaTeX Info: Redefining \] on input line 2666.
)
LaTeX Font Info:    Try loading font information for U+msa on input line 388.

("C:\Program Files\MiKTeX 2.9\tex\latex\amsfonts\umsa.fd"
File: umsa.fd 2013/01/14 v3.01 AMS symbols A
)
("C:\Program Files\MiKTeX 2.9\tex\latex\amsfonts\amsfonts.sty"
Package: amsfonts 2013/01/14 v3.01 Basic AMSFonts support
\symAMSa=\mathgroup4
\symAMSb=\mathgroup5
LaTeX Font Info:    Overwriting math alphabet `\mathfrak' in version `bold'
(Font)                  U/euf/m/n --> U/euf/b/n on input line 106.
)
\copyins=\insert233
\abstractbox=\box28
\listisep=\skip45
\c@part=\count91
\c@section=\count92
\c@subsection=\count93
\c@subsubsection=\count94
\c@paragraph=\count95
\c@subparagraph=\count96
\c@figure=\count97
\c@table=\count98
\abovecaptionskip=\skip46
\belowcaptionskip=\skip47
\captionindent=\dimen113
\thm@style=\toks19
\thm@bodyfont=\toks20
\thm@headfont=\toks21
\thm@notefont=\toks22
\thm@headpunct=\toks23
\thm@preskip=\skip48
\thm@postskip=\skip49
\thm@headsep=\skip50
\dth@everypar=\toks24
)
("C:\Program Files\MiKTeX 2.9\tex\latex\amsfonts\amssymb.sty"
Package: amssymb 2013/01/14 v3.01 AMS font symbols
)
("C:\Program Files\MiKTeX 2.9\tex\latex\amsmath\amscd.sty"
Package: amscd 1999/11/29 v2.0
\athelp@=\toks25
\minaw@=\dimen114
\bigaw@=\dimen115
\minCDarrowwidth=\dimen116
)
("C:\Program Files\MiKTeX 2.9\tex\latex\tools\enumerate.sty"
Package: enumerate 1999/03/05 v3.00 enumerate extensions (DPC)
\@enLab=\toks26
)
("C:\Program Files\MiKTeX 2.9\tex\latex\tools\verbatim.sty"
Package: verbatim 2003/08/22 v1.5q LaTeX2e package for verbatim enhancements
\every@verbatim=\toks27
\verbatim@line=\toks28
\verbatim@in@stream=\read1
)
("C:\Program Files\MiKTeX 2.9\tex\latex\tools\calc.sty"
Package: calc 2007/08/22 v4.3 Infix arithmetic (KKT,FJ)
\calc@Acount=\count99
\calc@Bcount=\count100
\calc@Adimen=\dimen117
\calc@Bdimen=\dimen118
\calc@Askip=\skip51
\calc@Bskip=\skip52
LaTeX Info: Redefining \setlength on input line 75.
LaTeX Info: Redefining \addtolength on input line 76.
\calc@Ccount=\count101
\calc@Cskip=\skip53
)
("C:\Program Files\MiKTeX 2.9\tex\generic\thumbpdf\thumbpdf.sty"
Package: thumbpdf 2012/04/18 v3.15 Inclusion of thumbnails (HO)


Package thumbpdf Warning: Missing driver name.

) ("C:\Program Files\MiKTeX 2.9\tex\latex\jknappen\mathrsfs.sty"
Package: mathrsfs 1996/01/01 Math RSFS package v1.0 (jk)
\symrsfs=\mathgroup6
)
("C:\Program Files\MiKTeX 2.9\tex\latex\graphics\graphicx.sty"
Package: graphicx 2014/04/25 v1.0g Enhanced LaTeX Graphics (DPC,SPQR)

("C:\Program Files\MiKTeX 2.9\tex\latex\graphics\keyval.sty"
Package: keyval 2014/05/08 v1.15 key=value parser (DPC)
\KV@toks@=\toks29
)
("C:\Program Files\MiKTeX 2.9\tex\latex\graphics\graphics.sty"
Package: graphics 2009/02/05 v1.0o Standard LaTeX Graphics (DPC,SPQR)

("C:\Program Files\MiKTeX 2.9\tex\latex\graphics\trig.sty"
Package: trig 1999/03/16 v1.09 sin cos tan (DPC)
)
("C:\Program Files\MiKTeX 2.9\tex\latex\00miktex\graphics.cfg"
File: graphics.cfg 2007/01/18 v1.5 graphics configuration of teTeX/TeXLive
)
Package graphics Info: Driver file: dvips.def on input line 91.

("C:\Program Files\MiKTeX 2.9\tex\latex\graphics\dvips.def"
File: dvips.def 2014/04/23 v3.0j Driver-dependant file (DPC,SPQR)
))
\Gin@req@height=\dimen119
\Gin@req@width=\dimen120
)
("C:\Program Files\MiKTeX 2.9\tex\latex\tools\multicol.sty"
Package: multicol 2014/06/19 v1.8f multicolumn formatting (FMi)
\c@tracingmulticols=\count102
\mult@box=\box29
\multicol@leftmargin=\dimen121
\c@unbalance=\count103
\c@collectmore=\count104
\doublecol@number=\count105
\multicoltolerance=\count106
\multicolpretolerance=\count107
\full@width=\dimen122
\page@free=\dimen123
\premulticols=\dimen124
\postmulticols=\dimen125
\multicolsep=\skip54
\multicolbaselineskip=\skip55
\partial@page=\box30
\last@line=\box31
\maxbalancingoverflow=\dimen126
\mult@rightbox=\box32
\mult@grightbox=\box33
\mult@gfirstbox=\box34
\mult@firstbox=\box35
\@tempa=\box36
\@tempa=\box37
\@tempa=\box38
\@tempa=\box39
\@tempa=\box40
\@tempa=\box41
\@tempa=\box42
\@tempa=\box43
\@tempa=\box44
\@tempa=\box45
\@tempa=\box46
\@tempa=\box47
\@tempa=\box48
\@tempa=\box49
\@tempa=\box50
\@tempa=\box51
\@tempa=\box52
\c@columnbadness=\count108
\c@finalcolumnbadness=\count109
\last@try=\dimen127
\multicolovershoot=\dimen128
\multicolundershoot=\dimen129
\mult@nat@firstbox=\box53
\colbreak@box=\box54
\mc@col@check@num=\count110
)
("C:\Program Files\MiKTeX 2.9\tex\latex\multirow\multirow.sty"
\bigstrutjot=\dimen130
)
(C:\Users\haozhe\AppData\Roaming\MiKTeX\2.9\tex\latex\subfigure\subfigure.sty
Package: subfigure 2002/07/30 v2.1.4 subfigure package
\subfigtopskip=\skip56
\subfigcapskip=\skip57
\subfigcaptopadj=\dimen131
\subfigbottomskip=\skip58
\subfigcapmargin=\dimen132
\subfiglabelskip=\skip59
\c@subfigure=\count111
\c@lofdepth=\count112
\c@subtable=\count113
\c@lotdepth=\count114

****************************************
* Local config file subfigure.cfg used *
****************************************
(C:\Users\haozhe\AppData\Roaming\MiKTeX\2.9\tex\latex\subfigure\subfigure.cfg)
\subfig@top=\skip60
\subfig@bottom=\skip61
) ("C:\Program Files\MiKTeX 2.9\tex\latex\tools\longtable.sty"
Package: longtable 2004/02/01 v4.11 Multi-page Table package (DPC)
\LTleft=\skip62
\LTright=\skip63
\LTpre=\skip64
\LTpost=\skip65
\LTchunksize=\count115
\LTcapwidth=\dimen133
\LT@head=\box55
\LT@firsthead=\box56
\LT@foot=\box57
\LT@lastfoot=\box58
\LT@cols=\count116
\LT@rows=\count117
\c@LT@tables=\count118
\c@LT@chunks=\count119
\LT@p@ftn=\toks30
)
("C:\Program Files\MiKTeX 2.9\tex\latex\booktabs\booktabs.sty"
Package: booktabs 2005/04/14 v1.61803 publication quality tables
\heavyrulewidth=\dimen134
\lightrulewidth=\dimen135
\cmidrulewidth=\dimen136
\belowrulesep=\dimen137
\belowbottomsep=\dimen138
\aboverulesep=\dimen139
\abovetopsep=\dimen140
\cmidrulesep=\dimen141
\cmidrulekern=\dimen142
\defaultaddspace=\dimen143
\@cmidla=\count120
\@cmidlb=\count121
\@aboverulesep=\dimen144
\@belowrulesep=\dimen145
\@thisruleclass=\count122
\@lastruleclass=\count123
\@thisrulewidth=\dimen146
)
("C:\Program Files\MiKTeX 2.9\tex\latex\float\float.sty"
Package: float 2001/11/08 v1.3d Float enhancements (AL)
\c@float@type=\count124
\float@exts=\toks31
\float@box=\box59
\@float@everytoks=\toks32
\@floatcapt=\box60
)
("C:\Program Files\MiKTeX 2.9\tex\latex\tools\bm.sty"
Package: bm 2004/02/26 v1.1c Bold Symbol Support (DPC/FMi)
\symboldoperators=\mathgroup7
\symboldletters=\mathgroup8
\symboldsymbols=\mathgroup9
LaTeX Font Info:    Redeclaring math alphabet \mathbf on input line 137.
LaTeX Info: Redefining \bm on input line 203.
)
(C:\Users\haozhe\AppData\Roaming\MiKTeX\2.9\tex\latex\capt-of\capt-of.sty
Package: capt-of 2009/12/29 v0.2 standard captions outside of floats
)
(C:\Users\haozhe\AppData\Roaming\MiKTeX\2.9\tex\latex\adjustbox\adjustbox.sty
Package: adjustbox 2012/05/21 v1.0 Adjusting TeX boxes (trim, clip, ...)

("C:\Program Files\MiKTeX 2.9\tex\latex\xkeyval\xkeyval.sty"
Package: xkeyval 2014/05/25 v2.7 package option processing (HA)

("C:\Program Files\MiKTeX 2.9\tex\generic\xkeyval\xkeyval.tex"
("C:\Program Files\MiKTeX 2.9\tex\generic\xkeyval\xkvutils.tex"
\XKV@toks=\toks33
\XKV@tempa@toks=\toks34
)
\XKV@depth=\count125
File: xkeyval.tex 2014/05/25 v2.7 key=value parser (HA)
))
(C:\Users\haozhe\AppData\Roaming\MiKTeX\2.9\tex\latex\adjustbox\adjcalc.sty
Package: adjcalc 2012/05/16 v1.1 Provides advanced setlength with multiple back
-ends (calc, etex, pgfmath)
)
(C:\Users\haozhe\AppData\Roaming\MiKTeX\2.9\tex\latex\adjustbox\trimclip.sty
Package: trimclip 2012/05/16 v1.0 Trim and clip general TeX material

(C:\Users\haozhe\AppData\Roaming\MiKTeX\2.9\tex\latex\collectbox\collectbox.sty
Package: collectbox 2012/05/17 v0.4b Collect macro arguments as boxes
\collectedbox=\box61
)
\tc@llx=\dimen147
\tc@lly=\dimen148
\tc@urx=\dimen149
\tc@ury=\dimen150
Package trimclip Info: Using driver 'tc-dvips.def'.
 (C:\Users\haozhe\AppData\Roaming\MiKTeX\2.9\tex\latex\adjustbox\tc-dvips.def
File: tc-dvips.def 2012/05/13 v1.0 Clipping driver for dvips
))
\adjbox@Width=\dimen151
\adjbox@Height=\dimen152
\adjbox@Depth=\dimen153
\adjbox@Totalheight=\dimen154
 (C:\Users\haozhe\AppData\Roaming\MiKTeX\2.9\tex\latex\ifoddpage\ifoddpage.sty
Package: ifoddpage 2011/09/13 v1.0 Conditionals for odd/even page detection
\c@checkoddpage=\count126
) ("C:\Program Files\MiKTeX 2.9\tex\latex\ltxmisc\varwidth.sty"
Package: varwidth 2009/03/30 ver 0.92;  Variable-width minipages
\@vwid@box=\box62
\sift@deathcycles=\count127
\@vwid@loff=\dimen155
\@vwid@roff=\dimen156
))
\c@thm=\count128

(C:\Users\haozhe\Dropbox\projects\pm2.5\weather_kriging\humidity_kriging.aux)
LaTeX Font Info:    Checking defaults for OML/cmm/m/it on input line 41.
LaTeX Font Info:    ... okay on input line 41.
LaTeX Font Info:    Checking defaults for T1/cmr/m/n on input line 41.
LaTeX Font Info:    ... okay on input line 41.
LaTeX Font Info:    Checking defaults for OT1/cmr/m/n on input line 41.
LaTeX Font Info:    ... okay on input line 41.
LaTeX Font Info:    Checking defaults for OMS/cmsy/m/n on input line 41.
LaTeX Font Info:    ... okay on input line 41.
LaTeX Font Info:    Checking defaults for OMX/cmex/m/n on input line 41.
LaTeX Font Info:    ... okay on input line 41.
LaTeX Font Info:    Checking defaults for U/cmr/m/n on input line 41.
LaTeX Font Info:    ... okay on input line 41.
LaTeX Font Info:    Try loading font information for U+msa on input line 41.

("C:\Program Files\MiKTeX 2.9\tex\latex\amsfonts\umsa.fd"
File: umsa.fd 2013/01/14 v3.01 AMS symbols A
)
LaTeX Font Info:    Try loading font information for U+msb on input line 41.

("C:\Program Files\MiKTeX 2.9\tex\latex\amsfonts\umsb.fd"
File: umsb.fd 2013/01/14 v3.01 AMS symbols B
)
LaTeX Font Info:    Try loading font information for U+rsfs on input line 41.

("C:\Program Files\MiKTeX 2.9\tex\latex\jknappen\ursfs.fd"
File: ursfs.fd 1998/03/24 rsfs font definition file (jk)
)
File: humidity_plots/image_1.ps Graphic file (type eps)

<humidity_plots/image_1.ps>
File: humidity_plots/image_2.ps Graphic file (type eps)
 <humidity_plots/image_2.ps>
Underfull \vbox (badness 1694) has occurred while \output is active []

 [1]
File: humidity_plots/image_3.ps Graphic file (type eps)

<humidity_plots/image_3.ps>
Underfull \vbox (badness 10000) has occurred while \output is active []

 [2]
File: humidity_plots/image_4.ps Graphic file (type eps)

<humidity_plots/image_4.ps>
Underfull \vbox (badness 10000) has occurred while \output is active []

 [3]
File: humidity_plots/image_5.ps Graphic file (type eps)

<humidity_plots/image_5.ps>
Underfull \vbox (badness 10000) has occurred while \output is active []

 [4]
File: humidity_plots/image_6.ps Graphic file (type eps)

<humidity_plots/image_6.ps>
Underfull \vbox (badness 10000) has occurred while \output is active []

 [5]
File: humidity_plots/image_7.ps Graphic file (type eps)

<humidity_plots/image_7.ps>
Underfull \vbox (badness 10000) has occurred while \output is active []

 [6]
File: humidity_plots/image_8.ps Graphic file (type eps)

<humidity_plots/image_8.ps>
Underfull \vbox (badness 10000) has occurred while \output is active []

 [7]
File: humidity_plots/image_9.ps Graphic file (type eps)

<humidity_plots/image_9.ps>
Underfull \vbox (badness 10000) has occurred while \output is active []

 [8]
File: humidity_plots/image_10.ps Graphic file (type eps)

<humidity_plots/image_10.ps>
Underfull \vbox (badness 10000) has occurred while \output is active []

 [9]
File: humidity_plots/image_11.ps Graphic file (type eps)

<humidity_plots/image_11.ps>
Underfull \vbox (badness 10000) has occurred while \output is active []

 [10]
File: humidity_plots/image_12.ps Graphic file (type eps)

<humidity_plots/image_12.ps>
Underfull \vbox (badness 10000) has occurred while \output is active []

 [11]
File: humidity_plots/image_13.ps Graphic file (type eps)

<humidity_plots/image_13.ps>
Underfull \vbox (badness 10000) has occurred while \output is active []

 [12]
File: humidity_plots/image_14.ps Graphic file (type eps)

<humidity_plots/image_14.ps>
Underfull \vbox (badness 10000) has occurred while \output is active []

 [13]
File: humidity_plots/image_15.ps Graphic file (type eps)

<humidity_plots/image_15.ps>
Underfull \vbox (badness 10000) has occurred while \output is active []

 [14]
File: humidity_plots/image_16.ps Graphic file (type eps)

<humidity_plots/image_16.ps>
Underfull \vbox (badness 10000) has occurred while \output is active []

 [15]
File: humidity_plots/image_17.ps Graphic file (type eps)

<humidity_plots/image_17.ps>
Underfull \vbox (badness 10000) has occurred while \output is active []

 [16]
File: humidity_plots/image_18.ps Graphic file (type eps)

<humidity_plots/image_18.ps>
Underfull \vbox (badness 10000) has occurred while \output is active []

 [17]
File: humidity_plots/image_19.ps Graphic file (type eps)

<humidity_plots/image_19.ps>
Underfull \vbox (badness 10000) has occurred while \output is active []

 [18]
File: humidity_plots/image_20.ps Graphic file (type eps)

<humidity_plots/image_20.ps>
Underfull \vbox (badness 10000) has occurred while \output is active []

 [19]
File: humidity_plots/image_21.ps Graphic file (type eps)

<humidity_plots/image_21.ps>
Underfull \vbox (badness 10000) has occurred while \output is active []

 [20]
File: humidity_plots/image_22.ps Graphic file (type eps)

<humidity_plots/image_22.ps>
Underfull \vbox (badness 10000) has occurred while \output is active []

 [21]
File: humidity_plots/image_23.ps Graphic file (type eps)

<humidity_plots/image_23.ps>
Underfull \vbox (badness 10000) has occurred while \output is active []

 [22]
File: humidity_plots/image_24.ps Graphic file (type eps)

<humidity_plots/image_24.ps>
Underfull \vbox (badness 10000) has occurred while \output is active []

 [23]
[24]
(C:\Users\haozhe\Dropbox\projects\pm2.5\weather_kriging\humidity_kriging.aux) )
 
Here is how much of TeX's memory you used:
 3489 strings out of 493707
 45440 string characters out of 3144606
 101343 words of memory out of 3000000
 6539 multiletter control sequences out of 15000+200000
 15908 words of font info for 61 fonts, out of 3000000 for 9000
 1186 hyphenation exceptions out of 8191
 34i,5n,34p,253b,300s stack positions out of 5000i,500n,10000p,200000b,50000s

Output written on humidity_kriging.dvi (24 pages, 5408 bytes).
